Performing C SOURCE FILE Test CMAKE_HAVE_LIBC_PTHREAD failed with the following output:
Change Dir: /home/user/hupf_catkin_ws/build/CMakeFiles/CMakeTmp

Run Build Command(s):/usr/bin/make cmTC_3e8dc/fast && /usr/bin/make -f CMakeFiles/cmTC_3e8dc.dir/build.make CMakeFiles/cmTC_3e8dc.dir/build
make[1]: Verzeichnis „/home/user/hupf_catkin_ws/build/CMakeFiles/CMakeTmp“ wird betreten
Building C object CMakeFiles/cmTC_3e8dc.dir/src.c.o
/usr/bin/cc   -DCMAKE_HAVE_LIBC_PTHREAD   -o CMakeFiles/cmTC_3e8dc.dir/src.c.o   -c /home/user/hupf_catkin_ws/build/CMakeFiles/CMakeTmp/src.c
Linking C executable cmTC_3e8dc
/usr/bin/cmake -E cmake_link_script CMakeFiles/cmTC_3e8dc.dir/link.txt --verbose=1
/usr/bin/cc  -DCMAKE_HAVE_LIBC_PTHREAD    -rdynamic CMakeFiles/cmTC_3e8dc.dir/src.c.o  -o cmTC_3e8dc 
/usr/bin/ld: CMakeFiles/cmTC_3e8dc.dir/src.c.o: in function `main':
src.c:(.text+0x46): undefined reference to `pthread_create'
/usr/bin/ld: src.c:(.text+0x52): undefined reference to `pthread_detach'
/usr/bin/ld: src.c:(.text+0x63): undefined reference to `pthread_join'
collect2: error: ld returned 1 exit status
make[1]: *** [CMakeFiles/cmTC_3e8dc.dir/build.make:87: cmTC_3e8dc] Fehler 1
make[1]: Verzeichnis „/home/user/hupf_catkin_ws/build/CMakeFiles/CMakeTmp“ wird verlassen
make: *** [Makefile:121: cmTC_3e8dc/fast] Fehler 2


Source file was:
#include <pthread.h>

void* test_func(void* data)
{
  return data;
}

int main(void)
{
  pthread_t thread;
  pthread_create(&thread, NULL, test_func, NULL);
  pthread_detach(thread);
  pthread_join(thread, NULL);
  pthread_atfork(NULL, NULL, NULL);
  pthread_exit(NULL);

  return 0;
}

Determining if the function pthread_create exists in the pthreads failed with the following output:
Change Dir: /home/user/hupf_catkin_ws/build/CMakeFiles/CMakeTmp

Run Build Command(s):/usr/bin/make cmTC_b7d59/fast && /usr/bin/make -f CMakeFiles/cmTC_b7d59.dir/build.make CMakeFiles/cmTC_b7d59.dir/build
make[1]: Verzeichnis „/home/user/hupf_catkin_ws/build/CMakeFiles/CMakeTmp“ wird betreten
Building C object CMakeFiles/cmTC_b7d59.dir/CheckFunctionExists.c.o
/usr/bin/cc   -DCHECK_FUNCTION_EXISTS=pthread_create   -o CMakeFiles/cmTC_b7d59.dir/CheckFunctionExists.c.o   -c /usr/share/cmake-3.16/Modules/CheckFunctionExists.c
Linking C executable cmTC_b7d59
/usr/bin/cmake -E cmake_link_script CMakeFiles/cmTC_b7d59.dir/link.txt --verbose=1
/usr/bin/cc  -DCHECK_FUNCTION_EXISTS=pthread_create    -rdynamic CMakeFiles/cmTC_b7d59.dir/CheckFunctionExists.c.o  -o cmTC_b7d59  -lpthreads 
/usr/bin/ld: -lpthreads kann nicht gefunden werden
collect2: error: ld returned 1 exit status
make[1]: *** [CMakeFiles/cmTC_b7d59.dir/build.make:87: cmTC_b7d59] Fehler 1
make[1]: Verzeichnis „/home/user/hupf_catkin_ws/build/CMakeFiles/CMakeTmp“ wird verlassen
make: *** [Makefile:121: cmTC_b7d59/fast] Fehler 2



Compiling the CUDA compiler identification source file "CMakeCUDACompilerId.cu" failed.
Compiler: /usr/local/cuda/bin/nvcc 
Build flags: 
Id flags:  -v;--keep;--keep-dir;tmp

The output was:
No such file or directory


Compiling the CUDA compiler identification source file "CMakeCUDACompilerId.cu" failed.
Compiler: /usr/local/cuda/bin/nvcc 
Build flags: 
Id flags:  -v;--keep;--keep-dir;tmp

The output was:
No such file or directory


